2017-11-05 20:17:32,572 MutatorMath Executing designspace document: SourceCodePro.designspace.temp
2017-11-05 20:17:32,632 MutatorMath Writing font.ufo to ../Roman/ExtraLight/font.ufo
2017-11-05 20:17:38,780 MutatorMath Validating kerning font.ufo
2017-11-05 20:17:40,467 MutatorMath ../Roman/ExtraLight/font.ufo:
Missing unicodes for 328 glyphs: 
.notdef
Eng.a
Gtilde
IJacute
Lcat
Scarondot
a.a
a.supa
a.sups
aacute.a
abreve.a
abreveacute.a
abrevecyr.a
abrevedotbelow.a
abrevegrave.a
abrevehoi.a
abrevetilde.a
acaron.a
acircumflex.a
acircumflexacute.a
acircumflexdotbelow.a
acircumflexgrave.a
acircumflexhoi.a
acircumflextilde.a
acutecmb.cap
acyr.a
adieresis.a
adotbelow.a
agrave.a
ahoi.a
amacron.a
ampersand_ampersand
anoteleia.cap
aogonek.a
aring.a
aringacute.a
asper.cap
asperacute.cap
asperacutecmb
aspercmb
aspergrave.cap
aspergravecmb
aspertilde.cap
aspertildecmb
asterisk.a
asterisk_asterisk_asterisk
asterisk_greater
at.case
atilde.a
b.sups
backslash_backslash
bar_greater
be.srb
bottom
breveacutecmb
breveacutecmb.cap
brevecmb.cap
brevecmb.cyr
brevecmb.cyrcap
brevegravecmb
brevegravecmb.cap
brevehoicmb
brevehoicmb.cap
breveinvertedcmb.cap
brevetildecmb
brevetildecmb.cap
c.sups
candrabinducmb.cap
caron.a
caroncmb.cap
carondotaccentcmb
carondotaccentcmb.cap
cedillacmb.cap
circumflexacutecmb
circumflexacutecmb.cap
circumflexbrevecmb
circumflexbrevecmb.cap
circumflexcmb.cap
circumflexgravecmb
circumflexgravecmb.cap
circumflexhoicmb
circumflexhoicmb.cap
circumflextildecmb
circumflextildecmb.cap
colon.sups
colon_colon
colon_equal
colon_greater
comma.dnom
comma.numr
comma.subs
comma.sups
commabelowcmb.a
d.sups
dblgravecmb.cap
dialytikagravecmb
dieresisacutecmb
dieresisacutecmb.cap
dieresiscaroncmb
dieresiscaroncmb.cap
dieresiscmb.cap
dieresisgravecmb
dieresisgravecmb.cap
dieresismacroncmb
dieresismacroncmb.cap
dieresistildecmb
dieresistonoscmb
dollar.a
dotaccentcmb.cap
dotlessi.a
double_left_parens
double_right_parens
e.sups
eacute.sups
egrave.sups
eight.cap
eight.dnom
eight.numr
eight.onum
eight.subs
eight.sups
emdash.sups
endash.sups
eogonek.sups
equal_equal
equal_equal_equal
equal_equal_greater
equal_less_less
exclam_equals
exclam_exclam
f.sups
fi
five.cap
five.dnom
five.numr
five.onum
five.subs
five.sups
fl
four.cap
four.dnom
four.numr
four.onum
four.subs
four.sups
g.a
g.supa
g.sups
gacute.a
gbreve.a
gcaron.a
gcircumflex.a
gcommaaccent.a
gdotaccent.a
gmacron.a
gravecmb.cap
greater_colon
greater_greater
greater_greater_equal
greater_greater_greater
greater_greater_hyphen
greater_hyphen
gtilde
gtilde.a
h.sups
hhook.sups
hoicmb.cap
hungarumlautcmb.cap
hyphen.a
hyphen.sups
hyphen_hyphen_greater
hyphen_less
hyphen_less_less
hyphentwo.a
i.a
i.supa
i.sups
iacute.a
ibreve.a
icaron.a
icircumflex.a
idieresis.a
idotbelow.a
igrave.a
ihoi.a
ijacute
imacron.a
iogonek.a
iogonek.d
iogonek.da
istroke.a
istroke.d
istroke.da
itilde.a
iukran.a
j.sups
jcrossedtail.d
k.sups
l.sups
lcat
lenis.cap
lenisacute.cap
lenisacutecmb
leniscmb
lenisgrave.cap
lenisgravecmb
lenistilde.cap
lenistildecmb
less_asterisk
less_asterisk_greater
less_bar
less_bar_greater
less_colon
less_dollar_greater
less_exclam_greater
less_greater
less_less
less_less_less
less_plus_greater
lock
m.sups
macronacutecmb
macronacutecmb.cap
macroncmb.cap
n.sups
nbspace.frac
nine.cap
nine.dnom
nine.numr
nine.onum
nine.subs
nine.sups
not_equal_equal
o.sups
ogonekcmb.cap
one.cap
one.dnom
one.numr
one.onum
one.subs
one.sups
ordfeminine.a
overlinecmb.cap
oxia.cap
p.sups
parenleft.dnom
parenleft.numr
parenleft.subs
parenleft.sups
parenright.dnom
parenright.numr
parenright.subs
parenright.sups
period.dnom
period.numr
period.subs
period.sups
period_period
period_period_period
perispomenicmb.cap
plus_plus
plus_plus_plus
poopile
q.sups
r.sups
ringcmb.cap
robotface
s.sups
scarondot
schwa.sups
seven.cap
seven.dnom
seven.numr
seven.onum
seven.subs
seven.sups
sfthyphen.a
six.cap
six.dnom
six.numr
six.onum
six.subs
six.sups
slash.frac
slash_equal
slash_slash
space.frac
t.sups
three.cap
three.dnom
three.numr
three.onum
three.subs
three.sups
tildecmb.cap
tonos.cap
tonoscmb
triple_equal
two.cap
two.dnom
two.numr
two.onum
two.subs
two.sups
u.sups
uniE0A0
uniE0A1
uniE0B0
uniE0B1
uniE0B2
uniE0B3
v.sups
varia.cap
variacmb
w.sups
x.sups
y.sups
yi.a
z.sups
zero.0
zero.0c
zero.0o
zero.cap
zero.dnom
zero.numr
zero.onum
zero.subs
zero.sups
2017-11-05 20:17:40,698 MutatorMath Writing font.ufo to ../Roman/Light/font.ufo
2017-11-05 20:17:43,082 MutatorMath Validating kerning font.ufo
2017-11-05 20:17:44,894 MutatorMath ../Roman/Light/font.ufo:
Missing unicodes for 328 glyphs: 
.notdef
Eng.a
Gtilde
IJacute
Lcat
Scarondot
a.a
a.supa
a.sups
aacute.a
abreve.a
abreveacute.a
abrevecyr.a
abrevedotbelow.a
abrevegrave.a
abrevehoi.a
abrevetilde.a
acaron.a
acircumflex.a
acircumflexacute.a
acircumflexdotbelow.a
acircumflexgrave.a
acircumflexhoi.a
acircumflextilde.a
acutecmb.cap
acyr.a
adieresis.a
adotbelow.a
agrave.a
ahoi.a
amacron.a
ampersand_ampersand
anoteleia.cap
aogonek.a
aring.a
aringacute.a
asper.cap
asperacute.cap
asperacutecmb
aspercmb
aspergrave.cap
aspergravecmb
aspertilde.cap
aspertildecmb
asterisk.a
asterisk_asterisk_asterisk
asterisk_greater
at.case
atilde.a
b.sups
backslash_backslash
bar_greater
be.srb
bottom
breveacutecmb
breveacutecmb.cap
brevecmb.cap
brevecmb.cyr
brevecmb.cyrcap
brevegravecmb
brevegravecmb.cap
brevehoicmb
brevehoicmb.cap
breveinvertedcmb.cap
brevetildecmb
brevetildecmb.cap
c.sups
candrabinducmb.cap
caron.a
caroncmb.cap
carondotaccentcmb
carondotaccentcmb.cap
cedillacmb.cap
circumflexacutecmb
circumflexacutecmb.cap
circumflexbrevecmb
circumflexbrevecmb.cap
circumflexcmb.cap
circumflexgravecmb
circumflexgravecmb.cap
circumflexhoicmb
circumflexhoicmb.cap
circumflextildecmb
circumflextildecmb.cap
colon.sups
colon_colon
colon_equal
colon_greater
comma.dnom
comma.numr
comma.subs
comma.sups
commabelowcmb.a
d.sups
dblgravecmb.cap
dialytikagravecmb
dieresisacutecmb
dieresisacutecmb.cap
dieresiscaroncmb
dieresiscaroncmb.cap
dieresiscmb.cap
dieresisgravecmb
dieresisgravecmb.cap
dieresismacroncmb
dieresismacroncmb.cap
dieresistildecmb
dieresistonoscmb
dollar.a
dotaccentcmb.cap
dotlessi.a
double_left_parens
double_right_parens
e.sups
eacute.sups
egrave.sups
eight.cap
eight.dnom
eight.numr
eight.onum
eight.subs
eight.sups
emdash.sups
endash.sups
eogonek.sups
equal_equal
equal_equal_equal
equal_equal_greater
equal_less_less
exclam_equals
exclam_exclam
f.sups
fi
five.cap
five.dnom
five.numr
five.onum
five.subs
five.sups
fl
four.cap
four.dnom
four.numr
four.onum
four.subs
four.sups
g.a
g.supa
g.sups
gacute.a
gbreve.a
gcaron.a
gcircumflex.a
gcommaaccent.a
gdotaccent.a
gmacron.a
gravecmb.cap
greater_colon
greater_greater
greater_greater_equal
greater_greater_greater
greater_greater_hyphen
greater_hyphen
gtilde
gtilde.a
h.sups
hhook.sups
hoicmb.cap
hungarumlautcmb.cap
hyphen.a
hyphen.sups
hyphen_hyphen_greater
hyphen_less
hyphen_less_less
hyphentwo.a
i.a
i.supa
i.sups
iacute.a
ibreve.a
icaron.a
icircumflex.a
idieresis.a
idotbelow.a
igrave.a
ihoi.a
ijacute
imacron.a
iogonek.a
iogonek.d
iogonek.da
istroke.a
istroke.d
istroke.da
itilde.a
iukran.a
j.sups
jcrossedtail.d
k.sups
l.sups
lcat
lenis.cap
lenisacute.cap
lenisacutecmb
leniscmb
lenisgrave.cap
lenisgravecmb
lenistilde.cap
lenistildecmb
less_asterisk
less_asterisk_greater
less_bar
less_bar_greater
less_colon
less_dollar_greater
less_exclam_greater
less_greater
less_less
less_less_less
less_plus_greater
lock
m.sups
macronacutecmb
macronacutecmb.cap
macroncmb.cap
n.sups
nbspace.frac
nine.cap
nine.dnom
nine.numr
nine.onum
nine.subs
nine.sups
not_equal_equal
o.sups
ogonekcmb.cap
one.cap
one.dnom
one.numr
one.onum
one.subs
one.sups
ordfeminine.a
overlinecmb.cap
oxia.cap
p.sups
parenleft.dnom
parenleft.numr
parenleft.subs
parenleft.sups
parenright.dnom
parenright.numr
parenright.subs
parenright.sups
period.dnom
period.numr
period.subs
period.sups
period_period
period_period_period
perispomenicmb.cap
plus_plus
plus_plus_plus
poopile
q.sups
r.sups
ringcmb.cap
robotface
s.sups
scarondot
schwa.sups
seven.cap
seven.dnom
seven.numr
seven.onum
seven.subs
seven.sups
sfthyphen.a
six.cap
six.dnom
six.numr
six.onum
six.subs
six.sups
slash.frac
slash_equal
slash_slash
space.frac
t.sups
three.cap
three.dnom
three.numr
three.onum
three.subs
three.sups
tildecmb.cap
tonos.cap
tonoscmb
triple_equal
two.cap
two.dnom
two.numr
two.onum
two.subs
two.sups
u.sups
uniE0A0
uniE0A1
uniE0B0
uniE0B1
uniE0B2
uniE0B3
v.sups
varia.cap
variacmb
w.sups
x.sups
y.sups
yi.a
z.sups
zero.0
zero.0c
zero.0o
zero.cap
zero.dnom
zero.numr
zero.onum
zero.subs
zero.sups
2017-11-05 20:17:45,028 MutatorMath Writing font.ufo to ../Roman/Regular/font.ufo
2017-11-05 20:17:47,489 MutatorMath Validating kerning font.ufo
2017-11-05 20:17:49,328 MutatorMath ../Roman/Regular/font.ufo:
Missing unicodes for 328 glyphs: 
.notdef
Eng.a
Gtilde
IJacute
Lcat
Scarondot
a.a
a.supa
a.sups
aacute.a
abreve.a
abreveacute.a
abrevecyr.a
abrevedotbelow.a
abrevegrave.a
abrevehoi.a
abrevetilde.a
acaron.a
acircumflex.a
acircumflexacute.a
acircumflexdotbelow.a
acircumflexgrave.a
acircumflexhoi.a
acircumflextilde.a
acutecmb.cap
acyr.a
adieresis.a
adotbelow.a
agrave.a
ahoi.a
amacron.a
ampersand_ampersand
anoteleia.cap
aogonek.a
aring.a
aringacute.a
asper.cap
asperacute.cap
asperacutecmb
aspercmb
aspergrave.cap
aspergravecmb
aspertilde.cap
aspertildecmb
asterisk.a
asterisk_asterisk_asterisk
asterisk_greater
at.case
atilde.a
b.sups
backslash_backslash
bar_greater
be.srb
bottom
breveacutecmb
breveacutecmb.cap
brevecmb.cap
brevecmb.cyr
brevecmb.cyrcap
brevegravecmb
brevegravecmb.cap
brevehoicmb
brevehoicmb.cap
breveinvertedcmb.cap
brevetildecmb
brevetildecmb.cap
c.sups
candrabinducmb.cap
caron.a
caroncmb.cap
carondotaccentcmb
carondotaccentcmb.cap
cedillacmb.cap
circumflexacutecmb
circumflexacutecmb.cap
circumflexbrevecmb
circumflexbrevecmb.cap
circumflexcmb.cap
circumflexgravecmb
circumflexgravecmb.cap
circumflexhoicmb
circumflexhoicmb.cap
circumflextildecmb
circumflextildecmb.cap
colon.sups
colon_colon
colon_equal
colon_greater
comma.dnom
comma.numr
comma.subs
comma.sups
commabelowcmb.a
d.sups
dblgravecmb.cap
dialytikagravecmb
dieresisacutecmb
dieresisacutecmb.cap
dieresiscaroncmb
dieresiscaroncmb.cap
dieresiscmb.cap
dieresisgravecmb
dieresisgravecmb.cap
dieresismacroncmb
dieresismacroncmb.cap
dieresistildecmb
dieresistonoscmb
dollar.a
dotaccentcmb.cap
dotlessi.a
double_left_parens
double_right_parens
e.sups
eacute.sups
egrave.sups
eight.cap
eight.dnom
eight.numr
eight.onum
eight.subs
eight.sups
emdash.sups
endash.sups
eogonek.sups
equal_equal
equal_equal_equal
equal_equal_greater
equal_less_less
exclam_equals
exclam_exclam
f.sups
fi
five.cap
five.dnom
five.numr
five.onum
five.subs
five.sups
fl
four.cap
four.dnom
four.numr
four.onum
four.subs
four.sups
g.a
g.supa
g.sups
gacute.a
gbreve.a
gcaron.a
gcircumflex.a
gcommaaccent.a
gdotaccent.a
gmacron.a
gravecmb.cap
greater_colon
greater_greater
greater_greater_equal
greater_greater_greater
greater_greater_hyphen
greater_hyphen
gtilde
gtilde.a
h.sups
hhook.sups
hoicmb.cap
hungarumlautcmb.cap
hyphen.a
hyphen.sups
hyphen_hyphen_greater
hyphen_less
hyphen_less_less
hyphentwo.a
i.a
i.supa
i.sups
iacute.a
ibreve.a
icaron.a
icircumflex.a
idieresis.a
idotbelow.a
igrave.a
ihoi.a
ijacute
imacron.a
iogonek.a
iogonek.d
iogonek.da
istroke.a
istroke.d
istroke.da
itilde.a
iukran.a
j.sups
jcrossedtail.d
k.sups
l.sups
lcat
lenis.cap
lenisacute.cap
lenisacutecmb
leniscmb
lenisgrave.cap
lenisgravecmb
lenistilde.cap
lenistildecmb
less_asterisk
less_asterisk_greater
less_bar
less_bar_greater
less_colon
less_dollar_greater
less_exclam_greater
less_greater
less_less
less_less_less
less_plus_greater
lock
m.sups
macronacutecmb
macronacutecmb.cap
macroncmb.cap
n.sups
nbspace.frac
nine.cap
nine.dnom
nine.numr
nine.onum
nine.subs
nine.sups
not_equal_equal
o.sups
ogonekcmb.cap
one.cap
one.dnom
one.numr
one.onum
one.subs
one.sups
ordfeminine.a
overlinecmb.cap
oxia.cap
p.sups
parenleft.dnom
parenleft.numr
parenleft.subs
parenleft.sups
parenright.dnom
parenright.numr
parenright.subs
parenright.sups
period.dnom
period.numr
period.subs
period.sups
period_period
period_period_period
perispomenicmb.cap
plus_plus
plus_plus_plus
poopile
q.sups
r.sups
ringcmb.cap
robotface
s.sups
scarondot
schwa.sups
seven.cap
seven.dnom
seven.numr
seven.onum
seven.subs
seven.sups
sfthyphen.a
six.cap
six.dnom
six.numr
six.onum
six.subs
six.sups
slash.frac
slash_equal
slash_slash
space.frac
t.sups
three.cap
three.dnom
three.numr
three.onum
three.subs
three.sups
tildecmb.cap
tonos.cap
tonoscmb
triple_equal
two.cap
two.dnom
two.numr
two.onum
two.subs
two.sups
u.sups
uniE0A0
uniE0A1
uniE0B0
uniE0B1
uniE0B2
uniE0B3
v.sups
varia.cap
variacmb
w.sups
x.sups
y.sups
yi.a
z.sups
zero.0
zero.0c
zero.0o
zero.cap
zero.dnom
zero.numr
zero.onum
zero.subs
zero.sups
2017-11-05 20:17:49,475 MutatorMath Writing font.ufo to ../Roman/Medium/font.ufo
2017-11-05 20:17:51,881 MutatorMath Validating kerning font.ufo
2017-11-05 20:17:53,676 MutatorMath ../Roman/Medium/font.ufo:
Missing unicodes for 328 glyphs: 
.notdef
Eng.a
Gtilde
IJacute
Lcat
Scarondot
a.a
a.supa
a.sups
aacute.a
abreve.a
abreveacute.a
abrevecyr.a
abrevedotbelow.a
abrevegrave.a
abrevehoi.a
abrevetilde.a
acaron.a
acircumflex.a
acircumflexacute.a
acircumflexdotbelow.a
acircumflexgrave.a
acircumflexhoi.a
acircumflextilde.a
acutecmb.cap
acyr.a
adieresis.a
adotbelow.a
agrave.a
ahoi.a
amacron.a
ampersand_ampersand
anoteleia.cap
aogonek.a
aring.a
aringacute.a
asper.cap
asperacute.cap
asperacutecmb
aspercmb
aspergrave.cap
aspergravecmb
aspertilde.cap
aspertildecmb
asterisk.a
asterisk_asterisk_asterisk
asterisk_greater
at.case
atilde.a
b.sups
backslash_backslash
bar_greater
be.srb
bottom
breveacutecmb
breveacutecmb.cap
brevecmb.cap
brevecmb.cyr
brevecmb.cyrcap
brevegravecmb
brevegravecmb.cap
brevehoicmb
brevehoicmb.cap
breveinvertedcmb.cap
brevetildecmb
brevetildecmb.cap
c.sups
candrabinducmb.cap
caron.a
caroncmb.cap
carondotaccentcmb
carondotaccentcmb.cap
cedillacmb.cap
circumflexacutecmb
circumflexacutecmb.cap
circumflexbrevecmb
circumflexbrevecmb.cap
circumflexcmb.cap
circumflexgravecmb
circumflexgravecmb.cap
circumflexhoicmb
circumflexhoicmb.cap
circumflextildecmb
circumflextildecmb.cap
colon.sups
colon_colon
colon_equal
colon_greater
comma.dnom
comma.numr
comma.subs
comma.sups
commabelowcmb.a
d.sups
dblgravecmb.cap
dialytikagravecmb
dieresisacutecmb
dieresisacutecmb.cap
dieresiscaroncmb
dieresiscaroncmb.cap
dieresiscmb.cap
dieresisgravecmb
dieresisgravecmb.cap
dieresismacroncmb
dieresismacroncmb.cap
dieresistildecmb
dieresistonoscmb
dollar.a
dotaccentcmb.cap
dotlessi.a
double_left_parens
double_right_parens
e.sups
eacute.sups
egrave.sups
eight.cap
eight.dnom
eight.numr
eight.onum
eight.subs
eight.sups
emdash.sups
endash.sups
eogonek.sups
equal_equal
equal_equal_equal
equal_equal_greater
equal_less_less
exclam_equals
exclam_exclam
f.sups
fi
five.cap
five.dnom
five.numr
five.onum
five.subs
five.sups
fl
four.cap
four.dnom
four.numr
four.onum
four.subs
four.sups
g.a
g.supa
g.sups
gacute.a
gbreve.a
gcaron.a
gcircumflex.a
gcommaaccent.a
gdotaccent.a
gmacron.a
gravecmb.cap
greater_colon
greater_greater
greater_greater_equal
greater_greater_greater
greater_greater_hyphen
greater_hyphen
gtilde
gtilde.a
h.sups
hhook.sups
hoicmb.cap
hungarumlautcmb.cap
hyphen.a
hyphen.sups
hyphen_hyphen_greater
hyphen_less
hyphen_less_less
hyphentwo.a
i.a
i.supa
i.sups
iacute.a
ibreve.a
icaron.a
icircumflex.a
idieresis.a
idotbelow.a
igrave.a
ihoi.a
ijacute
imacron.a
iogonek.a
iogonek.d
iogonek.da
istroke.a
istroke.d
istroke.da
itilde.a
iukran.a
j.sups
jcrossedtail.d
k.sups
l.sups
lcat
lenis.cap
lenisacute.cap
lenisacutecmb
leniscmb
lenisgrave.cap
lenisgravecmb
lenistilde.cap
lenistildecmb
less_asterisk
less_asterisk_greater
less_bar
less_bar_greater
less_colon
less_dollar_greater
less_exclam_greater
less_greater
less_less
less_less_less
less_plus_greater
lock
m.sups
macronacutecmb
macronacutecmb.cap
macroncmb.cap
n.sups
nbspace.frac
nine.cap
nine.dnom
nine.numr
nine.onum
nine.subs
nine.sups
not_equal_equal
o.sups
ogonekcmb.cap
one.cap
one.dnom
one.numr
one.onum
one.subs
one.sups
ordfeminine.a
overlinecmb.cap
oxia.cap
p.sups
parenleft.dnom
parenleft.numr
parenleft.subs
parenleft.sups
parenright.dnom
parenright.numr
parenright.subs
parenright.sups
period.dnom
period.numr
period.subs
period.sups
period_period
period_period_period
perispomenicmb.cap
plus_plus
plus_plus_plus
poopile
q.sups
r.sups
ringcmb.cap
robotface
s.sups
scarondot
schwa.sups
seven.cap
seven.dnom
seven.numr
seven.onum
seven.subs
seven.sups
sfthyphen.a
six.cap
six.dnom
six.numr
six.onum
six.subs
six.sups
slash.frac
slash_equal
slash_slash
space.frac
t.sups
three.cap
three.dnom
three.numr
three.onum
three.subs
three.sups
tildecmb.cap
tonos.cap
tonoscmb
triple_equal
two.cap
two.dnom
two.numr
two.onum
two.subs
two.sups
u.sups
uniE0A0
uniE0A1
uniE0B0
uniE0B1
uniE0B2
uniE0B3
v.sups
varia.cap
variacmb
w.sups
x.sups
y.sups
yi.a
z.sups
zero.0
zero.0c
zero.0o
zero.cap
zero.dnom
zero.numr
zero.onum
zero.subs
zero.sups
2017-11-05 20:17:53,805 MutatorMath Writing font.ufo to ../Roman/Semibold/font.ufo
2017-11-05 20:17:56,183 MutatorMath Validating kerning font.ufo
2017-11-05 20:17:57,973 MutatorMath ../Roman/Semibold/font.ufo:
Missing unicodes for 328 glyphs: 
.notdef
Eng.a
Gtilde
IJacute
Lcat
Scarondot
a.a
a.supa
a.sups
aacute.a
abreve.a
abreveacute.a
abrevecyr.a
abrevedotbelow.a
abrevegrave.a
abrevehoi.a
abrevetilde.a
acaron.a
acircumflex.a
acircumflexacute.a
acircumflexdotbelow.a
acircumflexgrave.a
acircumflexhoi.a
acircumflextilde.a
acutecmb.cap
acyr.a
adieresis.a
adotbelow.a
agrave.a
ahoi.a
amacron.a
ampersand_ampersand
anoteleia.cap
aogonek.a
aring.a
aringacute.a
asper.cap
asperacute.cap
asperacutecmb
aspercmb
aspergrave.cap
aspergravecmb
aspertilde.cap
aspertildecmb
asterisk.a
asterisk_asterisk_asterisk
asterisk_greater
at.case
atilde.a
b.sups
backslash_backslash
bar_greater
be.srb
bottom
breveacutecmb
breveacutecmb.cap
brevecmb.cap
brevecmb.cyr
brevecmb.cyrcap
brevegravecmb
brevegravecmb.cap
brevehoicmb
brevehoicmb.cap
breveinvertedcmb.cap
brevetildecmb
brevetildecmb.cap
c.sups
candrabinducmb.cap
caron.a
caroncmb.cap
carondotaccentcmb
carondotaccentcmb.cap
cedillacmb.cap
circumflexacutecmb
circumflexacutecmb.cap
circumflexbrevecmb
circumflexbrevecmb.cap
circumflexcmb.cap
circumflexgravecmb
circumflexgravecmb.cap
circumflexhoicmb
circumflexhoicmb.cap
circumflextildecmb
circumflextildecmb.cap
colon.sups
colon_colon
colon_equal
colon_greater
comma.dnom
comma.numr
comma.subs
comma.sups
commabelowcmb.a
d.sups
dblgravecmb.cap
dialytikagravecmb
dieresisacutecmb
dieresisacutecmb.cap
dieresiscaroncmb
dieresiscaroncmb.cap
dieresiscmb.cap
dieresisgravecmb
dieresisgravecmb.cap
dieresismacroncmb
dieresismacroncmb.cap
dieresistildecmb
dieresistonoscmb
dollar.a
dotaccentcmb.cap
dotlessi.a
double_left_parens
double_right_parens
e.sups
eacute.sups
egrave.sups
eight.cap
eight.dnom
eight.numr
eight.onum
eight.subs
eight.sups
emdash.sups
endash.sups
eogonek.sups
equal_equal
equal_equal_equal
equal_equal_greater
equal_less_less
exclam_equals
exclam_exclam
f.sups
fi
five.cap
five.dnom
five.numr
five.onum
five.subs
five.sups
fl
four.cap
four.dnom
four.numr
four.onum
four.subs
four.sups
g.a
g.supa
g.sups
gacute.a
gbreve.a
gcaron.a
gcircumflex.a
gcommaaccent.a
gdotaccent.a
gmacron.a
gravecmb.cap
greater_colon
greater_greater
greater_greater_equal
greater_greater_greater
greater_greater_hyphen
greater_hyphen
gtilde
gtilde.a
h.sups
hhook.sups
hoicmb.cap
hungarumlautcmb.cap
hyphen.a
hyphen.sups
hyphen_hyphen_greater
hyphen_less
hyphen_less_less
hyphentwo.a
i.a
i.supa
i.sups
iacute.a
ibreve.a
icaron.a
icircumflex.a
idieresis.a
idotbelow.a
igrave.a
ihoi.a
ijacute
imacron.a
iogonek.a
iogonek.d
iogonek.da
istroke.a
istroke.d
istroke.da
itilde.a
iukran.a
j.sups
jcrossedtail.d
k.sups
l.sups
lcat
lenis.cap
lenisacute.cap
lenisacutecmb
leniscmb
lenisgrave.cap
lenisgravecmb
lenistilde.cap
lenistildecmb
less_asterisk
less_asterisk_greater
less_bar
less_bar_greater
less_colon
less_dollar_greater
less_exclam_greater
less_greater
less_less
less_less_less
less_plus_greater
lock
m.sups
macronacutecmb
macronacutecmb.cap
macroncmb.cap
n.sups
nbspace.frac
nine.cap
nine.dnom
nine.numr
nine.onum
nine.subs
nine.sups
not_equal_equal
o.sups
ogonekcmb.cap
one.cap
one.dnom
one.numr
one.onum
one.subs
one.sups
ordfeminine.a
overlinecmb.cap
oxia.cap
p.sups
parenleft.dnom
parenleft.numr
parenleft.subs
parenleft.sups
parenright.dnom
parenright.numr
parenright.subs
parenright.sups
period.dnom
period.numr
period.subs
period.sups
period_period
period_period_period
perispomenicmb.cap
plus_plus
plus_plus_plus
poopile
q.sups
r.sups
ringcmb.cap
robotface
s.sups
scarondot
schwa.sups
seven.cap
seven.dnom
seven.numr
seven.onum
seven.subs
seven.sups
sfthyphen.a
six.cap
six.dnom
six.numr
six.onum
six.subs
six.sups
slash.frac
slash_equal
slash_slash
space.frac
t.sups
three.cap
three.dnom
three.numr
three.onum
three.subs
three.sups
tildecmb.cap
tonos.cap
tonoscmb
triple_equal
two.cap
two.dnom
two.numr
two.onum
two.subs
two.sups
u.sups
uniE0A0
uniE0A1
uniE0B0
uniE0B1
uniE0B2
uniE0B3
v.sups
varia.cap
variacmb
w.sups
x.sups
y.sups
yi.a
z.sups
zero.0
zero.0c
zero.0o
zero.cap
zero.dnom
zero.numr
zero.onum
zero.subs
zero.sups
2017-11-05 20:17:58,108 MutatorMath Writing font.ufo to ../Roman/Bold/font.ufo
2017-11-05 20:18:00,507 MutatorMath Validating kerning font.ufo
2017-11-05 20:18:02,326 MutatorMath ../Roman/Bold/font.ufo:
Missing unicodes for 328 glyphs: 
.notdef
Eng.a
Gtilde
IJacute
Lcat
Scarondot
a.a
a.supa
a.sups
aacute.a
abreve.a
abreveacute.a
abrevecyr.a
abrevedotbelow.a
abrevegrave.a
abrevehoi.a
abrevetilde.a
acaron.a
acircumflex.a
acircumflexacute.a
acircumflexdotbelow.a
acircumflexgrave.a
acircumflexhoi.a
acircumflextilde.a
acutecmb.cap
acyr.a
adieresis.a
adotbelow.a
agrave.a
ahoi.a
amacron.a
ampersand_ampersand
anoteleia.cap
aogonek.a
aring.a
aringacute.a
asper.cap
asperacute.cap
asperacutecmb
aspercmb
aspergrave.cap
aspergravecmb
aspertilde.cap
aspertildecmb
asterisk.a
asterisk_asterisk_asterisk
asterisk_greater
at.case
atilde.a
b.sups
backslash_backslash
bar_greater
be.srb
bottom
breveacutecmb
breveacutecmb.cap
brevecmb.cap
brevecmb.cyr
brevecmb.cyrcap
brevegravecmb
brevegravecmb.cap
brevehoicmb
brevehoicmb.cap
breveinvertedcmb.cap
brevetildecmb
brevetildecmb.cap
c.sups
candrabinducmb.cap
caron.a
caroncmb.cap
carondotaccentcmb
carondotaccentcmb.cap
cedillacmb.cap
circumflexacutecmb
circumflexacutecmb.cap
circumflexbrevecmb
circumflexbrevecmb.cap
circumflexcmb.cap
circumflexgravecmb
circumflexgravecmb.cap
circumflexhoicmb
circumflexhoicmb.cap
circumflextildecmb
circumflextildecmb.cap
colon.sups
colon_colon
colon_equal
colon_greater
comma.dnom
comma.numr
comma.subs
comma.sups
commabelowcmb.a
d.sups
dblgravecmb.cap
dialytikagravecmb
dieresisacutecmb
dieresisacutecmb.cap
dieresiscaroncmb
dieresiscaroncmb.cap
dieresiscmb.cap
dieresisgravecmb
dieresisgravecmb.cap
dieresismacroncmb
dieresismacroncmb.cap
dieresistildecmb
dieresistonoscmb
dollar.a
dotaccentcmb.cap
dotlessi.a
double_left_parens
double_right_parens
e.sups
eacute.sups
egrave.sups
eight.cap
eight.dnom
eight.numr
eight.onum
eight.subs
eight.sups
emdash.sups
endash.sups
eogonek.sups
equal_equal
equal_equal_equal
equal_equal_greater
equal_less_less
exclam_equals
exclam_exclam
f.sups
fi
five.cap
five.dnom
five.numr
five.onum
five.subs
five.sups
fl
four.cap
four.dnom
four.numr
four.onum
four.subs
four.sups
g.a
g.supa
g.sups
gacute.a
gbreve.a
gcaron.a
gcircumflex.a
gcommaaccent.a
gdotaccent.a
gmacron.a
gravecmb.cap
greater_colon
greater_greater
greater_greater_equal
greater_greater_greater
greater_greater_hyphen
greater_hyphen
gtilde
gtilde.a
h.sups
hhook.sups
hoicmb.cap
hungarumlautcmb.cap
hyphen.a
hyphen.sups
hyphen_hyphen_greater
hyphen_less
hyphen_less_less
hyphentwo.a
i.a
i.supa
i.sups
iacute.a
ibreve.a
icaron.a
icircumflex.a
idieresis.a
idotbelow.a
igrave.a
ihoi.a
ijacute
imacron.a
iogonek.a
iogonek.d
iogonek.da
istroke.a
istroke.d
istroke.da
itilde.a
iukran.a
j.sups
jcrossedtail.d
k.sups
l.sups
lcat
lenis.cap
lenisacute.cap
lenisacutecmb
leniscmb
lenisgrave.cap
lenisgravecmb
lenistilde.cap
lenistildecmb
less_asterisk
less_asterisk_greater
less_bar
less_bar_greater
less_colon
less_dollar_greater
less_exclam_greater
less_greater
less_less
less_less_less
less_plus_greater
lock
m.sups
macronacutecmb
macronacutecmb.cap
macroncmb.cap
n.sups
nbspace.frac
nine.cap
nine.dnom
nine.numr
nine.onum
nine.subs
nine.sups
not_equal_equal
o.sups
ogonekcmb.cap
one.cap
one.dnom
one.numr
one.onum
one.subs
one.sups
ordfeminine.a
overlinecmb.cap
oxia.cap
p.sups
parenleft.dnom
parenleft.numr
parenleft.subs
parenleft.sups
parenright.dnom
parenright.numr
parenright.subs
parenright.sups
period.dnom
period.numr
period.subs
period.sups
period_period
period_period_period
perispomenicmb.cap
plus_plus
plus_plus_plus
poopile
q.sups
r.sups
ringcmb.cap
robotface
s.sups
scarondot
schwa.sups
seven.cap
seven.dnom
seven.numr
seven.onum
seven.subs
seven.sups
sfthyphen.a
six.cap
six.dnom
six.numr
six.onum
six.subs
six.sups
slash.frac
slash_equal
slash_slash
space.frac
t.sups
three.cap
three.dnom
three.numr
three.onum
three.subs
three.sups
tildecmb.cap
tonos.cap
tonoscmb
triple_equal
two.cap
two.dnom
two.numr
two.onum
two.subs
two.sups
u.sups
uniE0A0
uniE0A1
uniE0B0
uniE0B1
uniE0B2
uniE0B3
v.sups
varia.cap
variacmb
w.sups
x.sups
y.sups
yi.a
z.sups
zero.0
zero.0c
zero.0o
zero.cap
zero.dnom
zero.numr
zero.onum
zero.subs
zero.sups
2017-11-05 20:18:02,453 MutatorMath Writing font.ufo to ../Roman/Black/font.ufo
2017-11-05 20:18:04,964 MutatorMath Validating kerning font.ufo
2017-11-05 20:18:06,835 MutatorMath ../Roman/Black/font.ufo:
Missing unicodes for 328 glyphs: 
.notdef
Eng.a
Gtilde
IJacute
Lcat
Scarondot
a.a
a.supa
a.sups
aacute.a
abreve.a
abreveacute.a
abrevecyr.a
abrevedotbelow.a
abrevegrave.a
abrevehoi.a
abrevetilde.a
acaron.a
acircumflex.a
acircumflexacute.a
acircumflexdotbelow.a
acircumflexgrave.a
acircumflexhoi.a
acircumflextilde.a
acutecmb.cap
acyr.a
adieresis.a
adotbelow.a
agrave.a
ahoi.a
amacron.a
ampersand_ampersand
anoteleia.cap
aogonek.a
aring.a
aringacute.a
asper.cap
asperacute.cap
asperacutecmb
aspercmb
aspergrave.cap
aspergravecmb
aspertilde.cap
aspertildecmb
asterisk.a
asterisk_asterisk_asterisk
asterisk_greater
at.case
atilde.a
b.sups
backslash_backslash
bar_greater
be.srb
bottom
breveacutecmb
breveacutecmb.cap
brevecmb.cap
brevecmb.cyr
brevecmb.cyrcap
brevegravecmb
brevegravecmb.cap
brevehoicmb
brevehoicmb.cap
breveinvertedcmb.cap
brevetildecmb
brevetildecmb.cap
c.sups
candrabinducmb.cap
caron.a
caroncmb.cap
carondotaccentcmb
carondotaccentcmb.cap
cedillacmb.cap
circumflexacutecmb
circumflexacutecmb.cap
circumflexbrevecmb
circumflexbrevecmb.cap
circumflexcmb.cap
circumflexgravecmb
circumflexgravecmb.cap
circumflexhoicmb
circumflexhoicmb.cap
circumflextildecmb
circumflextildecmb.cap
colon.sups
colon_colon
colon_equal
colon_greater
comma.dnom
comma.numr
comma.subs
comma.sups
commabelowcmb.a
d.sups
dblgravecmb.cap
dialytikagravecmb
dieresisacutecmb
dieresisacutecmb.cap
dieresiscaroncmb
dieresiscaroncmb.cap
dieresiscmb.cap
dieresisgravecmb
dieresisgravecmb.cap
dieresismacroncmb
dieresismacroncmb.cap
dieresistildecmb
dieresistonoscmb
dollar.a
dotaccentcmb.cap
dotlessi.a
double_left_parens
double_right_parens
e.sups
eacute.sups
egrave.sups
eight.cap
eight.dnom
eight.numr
eight.onum
eight.subs
eight.sups
emdash.sups
endash.sups
eogonek.sups
equal_equal
equal_equal_equal
equal_equal_greater
equal_less_less
exclam_equals
exclam_exclam
f.sups
fi
five.cap
five.dnom
five.numr
five.onum
five.subs
five.sups
fl
four.cap
four.dnom
four.numr
four.onum
four.subs
four.sups
g.a
g.supa
g.sups
gacute.a
gbreve.a
gcaron.a
gcircumflex.a
gcommaaccent.a
gdotaccent.a
gmacron.a
gravecmb.cap
greater_colon
greater_greater
greater_greater_equal
greater_greater_greater
greater_greater_hyphen
greater_hyphen
gtilde
gtilde.a
h.sups
hhook.sups
hoicmb.cap
hungarumlautcmb.cap
hyphen.a
hyphen.sups
hyphen_hyphen_greater
hyphen_less
hyphen_less_less
hyphentwo.a
i.a
i.supa
i.sups
iacute.a
ibreve.a
icaron.a
icircumflex.a
idieresis.a
idotbelow.a
igrave.a
ihoi.a
ijacute
imacron.a
iogonek.a
iogonek.d
iogonek.da
istroke.a
istroke.d
istroke.da
itilde.a
iukran.a
j.sups
jcrossedtail.d
k.sups
l.sups
lcat
lenis.cap
lenisacute.cap
lenisacutecmb
leniscmb
lenisgrave.cap
lenisgravecmb
lenistilde.cap
lenistildecmb
less_asterisk
less_asterisk_greater
less_bar
less_bar_greater
less_colon
less_dollar_greater
less_exclam_greater
less_greater
less_less
less_less_less
less_plus_greater
lock
m.sups
macronacutecmb
macronacutecmb.cap
macroncmb.cap
n.sups
nbspace.frac
nine.cap
nine.dnom
nine.numr
nine.onum
nine.subs
nine.sups
not_equal_equal
o.sups
ogonekcmb.cap
one.cap
one.dnom
one.numr
one.onum
one.subs
one.sups
ordfeminine.a
overlinecmb.cap
oxia.cap
p.sups
parenleft.dnom
parenleft.numr
parenleft.subs
parenleft.sups
parenright.dnom
parenright.numr
parenright.subs
parenright.sups
period.dnom
period.numr
period.subs
period.sups
period_period
period_period_period
perispomenicmb.cap
plus_plus
plus_plus_plus
poopile
q.sups
r.sups
ringcmb.cap
robotface
s.sups
scarondot
schwa.sups
seven.cap
seven.dnom
seven.numr
seven.onum
seven.subs
seven.sups
sfthyphen.a
six.cap
six.dnom
six.numr
six.onum
six.subs
six.sups
slash.frac
slash_equal
slash_slash
space.frac
t.sups
three.cap
three.dnom
three.numr
three.onum
three.subs
three.sups
tildecmb.cap
tonos.cap
tonoscmb
triple_equal
two.cap
two.dnom
two.numr
two.onum
two.subs
two.sups
u.sups
uniE0A0
uniE0A1
uniE0B0
uniE0B1
uniE0B2
uniE0B3
v.sups
varia.cap
variacmb
w.sups
x.sups
y.sups
yi.a
z.sups
zero.0
zero.0c
zero.0o
zero.cap
zero.dnom
zero.numr
zero.onum
zero.subs
zero.sups
2017-11-05 20:18:06,966 MutatorMath Done
