2017-11-05 20:18:58,126 MutatorMath Executing designspace document: SourceCodePro-It.designspace.temp
2017-11-05 20:18:58,180 MutatorMath Writing font.ufo to ../Italic/ExtraLightIt/font.ufo
2017-11-05 20:19:03,593 MutatorMath Validating kerning font.ufo
2017-11-05 20:19:05,072 MutatorMath ../Italic/ExtraLightIt/font.ufo:
Missing unicodes for 294 glyphs: 
.notdef
Eng.a
Gtilde
IJacute
Lcat
Scarondot
a.a
a.supa
a.sups
aacute.a
abreve.a
abreveacute.a
abrevedotbelow.a
abrevegrave.a
abrevehoi.a
abrevetilde.a
acaron.a
acircumflex.a
acircumflexacute.a
acircumflexdotbelow.a
acircumflexgrave.a
acircumflexhoi.a
acircumflextilde.a
acutecmb.cap
adieresis.a
adotbelow.a
agrave.a
ahoi.a
amacron.a
ampersand_ampersand
aogonek.a
aring.a
aringacute.a
asperacutecmb
aspercmb
aspergravecmb
aspertildecmb
asterisk.a
asterisk_asterisk_asterisk
asterisk_greater
at.case
atilde.a
b.sups
backslash_backslash
bar_greater
bottom
breveacutecmb
breveacutecmb.cap
brevecmb.cap
brevecmb.cyr
brevecmb.cyrcap
brevegravecmb
brevegravecmb.cap
brevehoicmb
brevehoicmb.cap
breveinvertedcmb.cap
brevetildecmb
brevetildecmb.cap
c.sups
candrabinducmb.cap
caron.a
caroncmb.cap
carondotaccentcmb
carondotaccentcmb.cap
cedillacmb.cap
circumflexacutecmb
circumflexacutecmb.cap
circumflexbrevecmb
circumflexbrevecmb.cap
circumflexcmb.cap
circumflexgravecmb
circumflexgravecmb.cap
circumflexhoicmb
circumflexhoicmb.cap
circumflextildecmb
circumflextildecmb.cap
colon.sups
colon_colon
colon_equal
colon_greater
comma.dnom
comma.numr
comma.subs
comma.sups
commabelowcmb.a
d.sups
dblgravecmb.cap
dialytikagravecmb
dieresisacutecmb
dieresisacutecmb.cap
dieresiscaroncmb
dieresiscaroncmb.cap
dieresiscmb.cap
dieresisgravecmb
dieresisgravecmb.cap
dieresismacroncmb
dieresismacroncmb.cap
dieresistildecmb
dieresistonoscmb
dollar.a
dotaccentcmb.cap
double_left_parens
double_right_parens
e.sups
eacute.sups
egrave.sups
eight.cap
eight.dnom
eight.numr
eight.onum
eight.subs
eight.sups
emdash.sups
endash.sups
eogonek.sups
equal_equal
equal_equal_equal
equal_equal_greater
equal_less_less
exclam_equals
exclam_exclam
f.sups
fi
five.cap
five.dnom
five.numr
five.onum
five.subs
five.sups
fl
four.cap
four.dnom
four.numr
four.onum
four.subs
four.sups
g.a
g.supa
g.sups
gacute.a
gbreve.a
gcaron.a
gcircumflex.a
gcommaaccent.a
gdotaccent.a
gmacron.a
gravecmb.cap
greater_colon
greater_greater
greater_greater_equal
greater_greater_greater
greater_greater_hyphen
greater_hyphen
gtilde
gtilde.a
h.sups
hhook.sups
hoicmb.cap
hungarumlautcmb.cap
hyphen.a
hyphen.sups
hyphen_hyphen_greater
hyphen_less
hyphen_less_less
hyphentwo.a
i.sups
ijacute
iogonek.d
istroke.d
j.sups
jcrossedtail.d
k.sups
l.sups
lcat
lenisacutecmb
leniscmb
lenisgravecmb
lenistildecmb
less_asterisk
less_asterisk_greater
less_bar
less_bar_greater
less_colon
less_dollar_greater
less_exclam_greater
less_greater
less_less
less_less_less
less_plus_greater
lock
m.sups
macronacutecmb
macronacutecmb.cap
macroncmb.cap
n.sups
nbspace.frac
nine.cap
nine.dnom
nine.numr
nine.onum
nine.subs
nine.sups
not_equal_equal
o.sups
ogonekcmb.cap
one.cap
one.dnom
one.numr
one.onum
one.subs
one.sups
ordfeminine.a
overlinecmb.cap
p.sups
parenleft.dnom
parenleft.numr
parenleft.subs
parenleft.sups
parenright.dnom
parenright.numr
parenright.subs
parenright.sups
period.dnom
period.numr
period.subs
period.sups
period_period
period_period_period
perispomenicmb.cap
plus_plus
plus_plus_plus
poopile
q.sups
r.sups
ringcmb.cap
robotface
s.sups
scarondot
schwa.sups
seven.cap
seven.dnom
seven.numr
seven.onum
seven.subs
seven.sups
sfthyphen.a
six.cap
six.dnom
six.numr
six.onum
six.subs
six.sups
slash.frac
slash_equal
slash_slash
space.frac
t.sups
three.cap
three.dnom
three.numr
three.onum
three.subs
three.sups
tildecmb.cap
tonoscmb
triple_equal
two.cap
two.dnom
two.numr
two.onum
two.subs
two.sups
u.sups
uniE0A0
uniE0A1
uniE0B0
uniE0B1
uniE0B2
uniE0B3
v.sups
variacmb
w.sups
x.sups
y.sups
z.sups
zero.0
zero.0c
zero.0o
zero.cap
zero.dnom
zero.numr
zero.onum
zero.subs
zero.sups
2017-11-05 20:19:05,231 MutatorMath Writing font.ufo to ../Italic/LightIt/font.ufo
2017-11-05 20:19:07,094 MutatorMath Validating kerning font.ufo
2017-11-05 20:19:08,572 MutatorMath ../Italic/LightIt/font.ufo:
Missing unicodes for 294 glyphs: 
.notdef
Eng.a
Gtilde
IJacute
Lcat
Scarondot
a.a
a.supa
a.sups
aacute.a
abreve.a
abreveacute.a
abrevedotbelow.a
abrevegrave.a
abrevehoi.a
abrevetilde.a
acaron.a
acircumflex.a
acircumflexacute.a
acircumflexdotbelow.a
acircumflexgrave.a
acircumflexhoi.a
acircumflextilde.a
acutecmb.cap
adieresis.a
adotbelow.a
agrave.a
ahoi.a
amacron.a
ampersand_ampersand
aogonek.a
aring.a
aringacute.a
asperacutecmb
aspercmb
aspergravecmb
aspertildecmb
asterisk.a
asterisk_asterisk_asterisk
asterisk_greater
at.case
atilde.a
b.sups
backslash_backslash
bar_greater
bottom
breveacutecmb
breveacutecmb.cap
brevecmb.cap
brevecmb.cyr
brevecmb.cyrcap
brevegravecmb
brevegravecmb.cap
brevehoicmb
brevehoicmb.cap
breveinvertedcmb.cap
brevetildecmb
brevetildecmb.cap
c.sups
candrabinducmb.cap
caron.a
caroncmb.cap
carondotaccentcmb
carondotaccentcmb.cap
cedillacmb.cap
circumflexacutecmb
circumflexacutecmb.cap
circumflexbrevecmb
circumflexbrevecmb.cap
circumflexcmb.cap
circumflexgravecmb
circumflexgravecmb.cap
circumflexhoicmb
circumflexhoicmb.cap
circumflextildecmb
circumflextildecmb.cap
colon.sups
colon_colon
colon_equal
colon_greater
comma.dnom
comma.numr
comma.subs
comma.sups
commabelowcmb.a
d.sups
dblgravecmb.cap
dialytikagravecmb
dieresisacutecmb
dieresisacutecmb.cap
dieresiscaroncmb
dieresiscaroncmb.cap
dieresiscmb.cap
dieresisgravecmb
dieresisgravecmb.cap
dieresismacroncmb
dieresismacroncmb.cap
dieresistildecmb
dieresistonoscmb
dollar.a
dotaccentcmb.cap
double_left_parens
double_right_parens
e.sups
eacute.sups
egrave.sups
eight.cap
eight.dnom
eight.numr
eight.onum
eight.subs
eight.sups
emdash.sups
endash.sups
eogonek.sups
equal_equal
equal_equal_equal
equal_equal_greater
equal_less_less
exclam_equals
exclam_exclam
f.sups
fi
five.cap
five.dnom
five.numr
five.onum
five.subs
five.sups
fl
four.cap
four.dnom
four.numr
four.onum
four.subs
four.sups
g.a
g.supa
g.sups
gacute.a
gbreve.a
gcaron.a
gcircumflex.a
gcommaaccent.a
gdotaccent.a
gmacron.a
gravecmb.cap
greater_colon
greater_greater
greater_greater_equal
greater_greater_greater
greater_greater_hyphen
greater_hyphen
gtilde
gtilde.a
h.sups
hhook.sups
hoicmb.cap
hungarumlautcmb.cap
hyphen.a
hyphen.sups
hyphen_hyphen_greater
hyphen_less
hyphen_less_less
hyphentwo.a
i.sups
ijacute
iogonek.d
istroke.d
j.sups
jcrossedtail.d
k.sups
l.sups
lcat
lenisacutecmb
leniscmb
lenisgravecmb
lenistildecmb
less_asterisk
less_asterisk_greater
less_bar
less_bar_greater
less_colon
less_dollar_greater
less_exclam_greater
less_greater
less_less
less_less_less
less_plus_greater
lock
m.sups
macronacutecmb
macronacutecmb.cap
macroncmb.cap
n.sups
nbspace.frac
nine.cap
nine.dnom
nine.numr
nine.onum
nine.subs
nine.sups
not_equal_equal
o.sups
ogonekcmb.cap
one.cap
one.dnom
one.numr
one.onum
one.subs
one.sups
ordfeminine.a
overlinecmb.cap
p.sups
parenleft.dnom
parenleft.numr
parenleft.subs
parenleft.sups
parenright.dnom
parenright.numr
parenright.subs
parenright.sups
period.dnom
period.numr
period.subs
period.sups
period_period
period_period_period
perispomenicmb.cap
plus_plus
plus_plus_plus
poopile
q.sups
r.sups
ringcmb.cap
robotface
s.sups
scarondot
schwa.sups
seven.cap
seven.dnom
seven.numr
seven.onum
seven.subs
seven.sups
sfthyphen.a
six.cap
six.dnom
six.numr
six.onum
six.subs
six.sups
slash.frac
slash_equal
slash_slash
space.frac
t.sups
three.cap
three.dnom
three.numr
three.onum
three.subs
three.sups
tildecmb.cap
tonoscmb
triple_equal
two.cap
two.dnom
two.numr
two.onum
two.subs
two.sups
u.sups
uniE0A0
uniE0A1
uniE0B0
uniE0B1
uniE0B2
uniE0B3
v.sups
variacmb
w.sups
x.sups
y.sups
z.sups
zero.0
zero.0c
zero.0o
zero.cap
zero.dnom
zero.numr
zero.onum
zero.subs
zero.sups
2017-11-05 20:19:08,700 MutatorMath Writing font.ufo to ../Italic/It/font.ufo
2017-11-05 20:19:10,564 MutatorMath Validating kerning font.ufo
2017-11-05 20:19:12,048 MutatorMath ../Italic/It/font.ufo:
Missing unicodes for 294 glyphs: 
.notdef
Eng.a
Gtilde
IJacute
Lcat
Scarondot
a.a
a.supa
a.sups
aacute.a
abreve.a
abreveacute.a
abrevedotbelow.a
abrevegrave.a
abrevehoi.a
abrevetilde.a
acaron.a
acircumflex.a
acircumflexacute.a
acircumflexdotbelow.a
acircumflexgrave.a
acircumflexhoi.a
acircumflextilde.a
acutecmb.cap
adieresis.a
adotbelow.a
agrave.a
ahoi.a
amacron.a
ampersand_ampersand
aogonek.a
aring.a
aringacute.a
asperacutecmb
aspercmb
aspergravecmb
aspertildecmb
asterisk.a
asterisk_asterisk_asterisk
asterisk_greater
at.case
atilde.a
b.sups
backslash_backslash
bar_greater
bottom
breveacutecmb
breveacutecmb.cap
brevecmb.cap
brevecmb.cyr
brevecmb.cyrcap
brevegravecmb
brevegravecmb.cap
brevehoicmb
brevehoicmb.cap
breveinvertedcmb.cap
brevetildecmb
brevetildecmb.cap
c.sups
candrabinducmb.cap
caron.a
caroncmb.cap
carondotaccentcmb
carondotaccentcmb.cap
cedillacmb.cap
circumflexacutecmb
circumflexacutecmb.cap
circumflexbrevecmb
circumflexbrevecmb.cap
circumflexcmb.cap
circumflexgravecmb
circumflexgravecmb.cap
circumflexhoicmb
circumflexhoicmb.cap
circumflextildecmb
circumflextildecmb.cap
colon.sups
colon_colon
colon_equal
colon_greater
comma.dnom
comma.numr
comma.subs
comma.sups
commabelowcmb.a
d.sups
dblgravecmb.cap
dialytikagravecmb
dieresisacutecmb
dieresisacutecmb.cap
dieresiscaroncmb
dieresiscaroncmb.cap
dieresiscmb.cap
dieresisgravecmb
dieresisgravecmb.cap
dieresismacroncmb
dieresismacroncmb.cap
dieresistildecmb
dieresistonoscmb
dollar.a
dotaccentcmb.cap
double_left_parens
double_right_parens
e.sups
eacute.sups
egrave.sups
eight.cap
eight.dnom
eight.numr
eight.onum
eight.subs
eight.sups
emdash.sups
endash.sups
eogonek.sups
equal_equal
equal_equal_equal
equal_equal_greater
equal_less_less
exclam_equals
exclam_exclam
f.sups
fi
five.cap
five.dnom
five.numr
five.onum
five.subs
five.sups
fl
four.cap
four.dnom
four.numr
four.onum
four.subs
four.sups
g.a
g.supa
g.sups
gacute.a
gbreve.a
gcaron.a
gcircumflex.a
gcommaaccent.a
gdotaccent.a
gmacron.a
gravecmb.cap
greater_colon
greater_greater
greater_greater_equal
greater_greater_greater
greater_greater_hyphen
greater_hyphen
gtilde
gtilde.a
h.sups
hhook.sups
hoicmb.cap
hungarumlautcmb.cap
hyphen.a
hyphen.sups
hyphen_hyphen_greater
hyphen_less
hyphen_less_less
hyphentwo.a
i.sups
ijacute
iogonek.d
istroke.d
j.sups
jcrossedtail.d
k.sups
l.sups
lcat
lenisacutecmb
leniscmb
lenisgravecmb
lenistildecmb
less_asterisk
less_asterisk_greater
less_bar
less_bar_greater
less_colon
less_dollar_greater
less_exclam_greater
less_greater
less_less
less_less_less
less_plus_greater
lock
m.sups
macronacutecmb
macronacutecmb.cap
macroncmb.cap
n.sups
nbspace.frac
nine.cap
nine.dnom
nine.numr
nine.onum
nine.subs
nine.sups
not_equal_equal
o.sups
ogonekcmb.cap
one.cap
one.dnom
one.numr
one.onum
one.subs
one.sups
ordfeminine.a
overlinecmb.cap
p.sups
parenleft.dnom
parenleft.numr
parenleft.subs
parenleft.sups
parenright.dnom
parenright.numr
parenright.subs
parenright.sups
period.dnom
period.numr
period.subs
period.sups
period_period
period_period_period
perispomenicmb.cap
plus_plus
plus_plus_plus
poopile
q.sups
r.sups
ringcmb.cap
robotface
s.sups
scarondot
schwa.sups
seven.cap
seven.dnom
seven.numr
seven.onum
seven.subs
seven.sups
sfthyphen.a
six.cap
six.dnom
six.numr
six.onum
six.subs
six.sups
slash.frac
slash_equal
slash_slash
space.frac
t.sups
three.cap
three.dnom
three.numr
three.onum
three.subs
three.sups
tildecmb.cap
tonoscmb
triple_equal
two.cap
two.dnom
two.numr
two.onum
two.subs
two.sups
u.sups
uniE0A0
uniE0A1
uniE0B0
uniE0B1
uniE0B2
uniE0B3
v.sups
variacmb
w.sups
x.sups
y.sups
z.sups
zero.0
zero.0c
zero.0o
zero.cap
zero.dnom
zero.numr
zero.onum
zero.subs
zero.sups
2017-11-05 20:19:12,173 MutatorMath Writing font.ufo to ../Italic/MediumIt/font.ufo
2017-11-05 20:19:14,026 MutatorMath Validating kerning font.ufo
2017-11-05 20:19:15,499 MutatorMath ../Italic/MediumIt/font.ufo:
Missing unicodes for 294 glyphs: 
.notdef
Eng.a
Gtilde
IJacute
Lcat
Scarondot
a.a
a.supa
a.sups
aacute.a
abreve.a
abreveacute.a
abrevedotbelow.a
abrevegrave.a
abrevehoi.a
abrevetilde.a
acaron.a
acircumflex.a
acircumflexacute.a
acircumflexdotbelow.a
acircumflexgrave.a
acircumflexhoi.a
acircumflextilde.a
acutecmb.cap
adieresis.a
adotbelow.a
agrave.a
ahoi.a
amacron.a
ampersand_ampersand
aogonek.a
aring.a
aringacute.a
asperacutecmb
aspercmb
aspergravecmb
aspertildecmb
asterisk.a
asterisk_asterisk_asterisk
asterisk_greater
at.case
atilde.a
b.sups
backslash_backslash
bar_greater
bottom
breveacutecmb
breveacutecmb.cap
brevecmb.cap
brevecmb.cyr
brevecmb.cyrcap
brevegravecmb
brevegravecmb.cap
brevehoicmb
brevehoicmb.cap
breveinvertedcmb.cap
brevetildecmb
brevetildecmb.cap
c.sups
candrabinducmb.cap
caron.a
caroncmb.cap
carondotaccentcmb
carondotaccentcmb.cap
cedillacmb.cap
circumflexacutecmb
circumflexacutecmb.cap
circumflexbrevecmb
circumflexbrevecmb.cap
circumflexcmb.cap
circumflexgravecmb
circumflexgravecmb.cap
circumflexhoicmb
circumflexhoicmb.cap
circumflextildecmb
circumflextildecmb.cap
colon.sups
colon_colon
colon_equal
colon_greater
comma.dnom
comma.numr
comma.subs
comma.sups
commabelowcmb.a
d.sups
dblgravecmb.cap
dialytikagravecmb
dieresisacutecmb
dieresisacutecmb.cap
dieresiscaroncmb
dieresiscaroncmb.cap
dieresiscmb.cap
dieresisgravecmb
dieresisgravecmb.cap
dieresismacroncmb
dieresismacroncmb.cap
dieresistildecmb
dieresistonoscmb
dollar.a
dotaccentcmb.cap
double_left_parens
double_right_parens
e.sups
eacute.sups
egrave.sups
eight.cap
eight.dnom
eight.numr
eight.onum
eight.subs
eight.sups
emdash.sups
endash.sups
eogonek.sups
equal_equal
equal_equal_equal
equal_equal_greater
equal_less_less
exclam_equals
exclam_exclam
f.sups
fi
five.cap
five.dnom
five.numr
five.onum
five.subs
five.sups
fl
four.cap
four.dnom
four.numr
four.onum
four.subs
four.sups
g.a
g.supa
g.sups
gacute.a
gbreve.a
gcaron.a
gcircumflex.a
gcommaaccent.a
gdotaccent.a
gmacron.a
gravecmb.cap
greater_colon
greater_greater
greater_greater_equal
greater_greater_greater
greater_greater_hyphen
greater_hyphen
gtilde
gtilde.a
h.sups
hhook.sups
hoicmb.cap
hungarumlautcmb.cap
hyphen.a
hyphen.sups
hyphen_hyphen_greater
hyphen_less
hyphen_less_less
hyphentwo.a
i.sups
ijacute
iogonek.d
istroke.d
j.sups
jcrossedtail.d
k.sups
l.sups
lcat
lenisacutecmb
leniscmb
lenisgravecmb
lenistildecmb
less_asterisk
less_asterisk_greater
less_bar
less_bar_greater
less_colon
less_dollar_greater
less_exclam_greater
less_greater
less_less
less_less_less
less_plus_greater
lock
m.sups
macronacutecmb
macronacutecmb.cap
macroncmb.cap
n.sups
nbspace.frac
nine.cap
nine.dnom
nine.numr
nine.onum
nine.subs
nine.sups
not_equal_equal
o.sups
ogonekcmb.cap
one.cap
one.dnom
one.numr
one.onum
one.subs
one.sups
ordfeminine.a
overlinecmb.cap
p.sups
parenleft.dnom
parenleft.numr
parenleft.subs
parenleft.sups
parenright.dnom
parenright.numr
parenright.subs
parenright.sups
period.dnom
period.numr
period.subs
period.sups
period_period
period_period_period
perispomenicmb.cap
plus_plus
plus_plus_plus
poopile
q.sups
r.sups
ringcmb.cap
robotface
s.sups
scarondot
schwa.sups
seven.cap
seven.dnom
seven.numr
seven.onum
seven.subs
seven.sups
sfthyphen.a
six.cap
six.dnom
six.numr
six.onum
six.subs
six.sups
slash.frac
slash_equal
slash_slash
space.frac
t.sups
three.cap
three.dnom
three.numr
three.onum
three.subs
three.sups
tildecmb.cap
tonoscmb
triple_equal
two.cap
two.dnom
two.numr
two.onum
two.subs
two.sups
u.sups
uniE0A0
uniE0A1
uniE0B0
uniE0B1
uniE0B2
uniE0B3
v.sups
variacmb
w.sups
x.sups
y.sups
z.sups
zero.0
zero.0c
zero.0o
zero.cap
zero.dnom
zero.numr
zero.onum
zero.subs
zero.sups
2017-11-05 20:19:15,609 MutatorMath Writing font.ufo to ../Italic/SemiboldIt/font.ufo
2017-11-05 20:19:17,553 MutatorMath Validating kerning font.ufo
2017-11-05 20:19:19,024 MutatorMath ../Italic/SemiboldIt/font.ufo:
Missing unicodes for 294 glyphs: 
.notdef
Eng.a
Gtilde
IJacute
Lcat
Scarondot
a.a
a.supa
a.sups
aacute.a
abreve.a
abreveacute.a
abrevedotbelow.a
abrevegrave.a
abrevehoi.a
abrevetilde.a
acaron.a
acircumflex.a
acircumflexacute.a
acircumflexdotbelow.a
acircumflexgrave.a
acircumflexhoi.a
acircumflextilde.a
acutecmb.cap
adieresis.a
adotbelow.a
agrave.a
ahoi.a
amacron.a
ampersand_ampersand
aogonek.a
aring.a
aringacute.a
asperacutecmb
aspercmb
aspergravecmb
aspertildecmb
asterisk.a
asterisk_asterisk_asterisk
asterisk_greater
at.case
atilde.a
b.sups
backslash_backslash
bar_greater
bottom
breveacutecmb
breveacutecmb.cap
brevecmb.cap
brevecmb.cyr
brevecmb.cyrcap
brevegravecmb
brevegravecmb.cap
brevehoicmb
brevehoicmb.cap
breveinvertedcmb.cap
brevetildecmb
brevetildecmb.cap
c.sups
candrabinducmb.cap
caron.a
caroncmb.cap
carondotaccentcmb
carondotaccentcmb.cap
cedillacmb.cap
circumflexacutecmb
circumflexacutecmb.cap
circumflexbrevecmb
circumflexbrevecmb.cap
circumflexcmb.cap
circumflexgravecmb
circumflexgravecmb.cap
circumflexhoicmb
circumflexhoicmb.cap
circumflextildecmb
circumflextildecmb.cap
colon.sups
colon_colon
colon_equal
colon_greater
comma.dnom
comma.numr
comma.subs
comma.sups
commabelowcmb.a
d.sups
dblgravecmb.cap
dialytikagravecmb
dieresisacutecmb
dieresisacutecmb.cap
dieresiscaroncmb
dieresiscaroncmb.cap
dieresiscmb.cap
dieresisgravecmb
dieresisgravecmb.cap
dieresismacroncmb
dieresismacroncmb.cap
dieresistildecmb
dieresistonoscmb
dollar.a
dotaccentcmb.cap
double_left_parens
double_right_parens
e.sups
eacute.sups
egrave.sups
eight.cap
eight.dnom
eight.numr
eight.onum
eight.subs
eight.sups
emdash.sups
endash.sups
eogonek.sups
equal_equal
equal_equal_equal
equal_equal_greater
equal_less_less
exclam_equals
exclam_exclam
f.sups
fi
five.cap
five.dnom
five.numr
five.onum
five.subs
five.sups
fl
four.cap
four.dnom
four.numr
four.onum
four.subs
four.sups
g.a
g.supa
g.sups
gacute.a
gbreve.a
gcaron.a
gcircumflex.a
gcommaaccent.a
gdotaccent.a
gmacron.a
gravecmb.cap
greater_colon
greater_greater
greater_greater_equal
greater_greater_greater
greater_greater_hyphen
greater_hyphen
gtilde
gtilde.a
h.sups
hhook.sups
hoicmb.cap
hungarumlautcmb.cap
hyphen.a
hyphen.sups
hyphen_hyphen_greater
hyphen_less
hyphen_less_less
hyphentwo.a
i.sups
ijacute
iogonek.d
istroke.d
j.sups
jcrossedtail.d
k.sups
l.sups
lcat
lenisacutecmb
leniscmb
lenisgravecmb
lenistildecmb
less_asterisk
less_asterisk_greater
less_bar
less_bar_greater
less_colon
less_dollar_greater
less_exclam_greater
less_greater
less_less
less_less_less
less_plus_greater
lock
m.sups
macronacutecmb
macronacutecmb.cap
macroncmb.cap
n.sups
nbspace.frac
nine.cap
nine.dnom
nine.numr
nine.onum
nine.subs
nine.sups
not_equal_equal
o.sups
ogonekcmb.cap
one.cap
one.dnom
one.numr
one.onum
one.subs
one.sups
ordfeminine.a
overlinecmb.cap
p.sups
parenleft.dnom
parenleft.numr
parenleft.subs
parenleft.sups
parenright.dnom
parenright.numr
parenright.subs
parenright.sups
period.dnom
period.numr
period.subs
period.sups
period_period
period_period_period
perispomenicmb.cap
plus_plus
plus_plus_plus
poopile
q.sups
r.sups
ringcmb.cap
robotface
s.sups
scarondot
schwa.sups
seven.cap
seven.dnom
seven.numr
seven.onum
seven.subs
seven.sups
sfthyphen.a
six.cap
six.dnom
six.numr
six.onum
six.subs
six.sups
slash.frac
slash_equal
slash_slash
space.frac
t.sups
three.cap
three.dnom
three.numr
three.onum
three.subs
three.sups
tildecmb.cap
tonoscmb
triple_equal
two.cap
two.dnom
two.numr
two.onum
two.subs
two.sups
u.sups
uniE0A0
uniE0A1
uniE0B0
uniE0B1
uniE0B2
uniE0B3
v.sups
variacmb
w.sups
x.sups
y.sups
z.sups
zero.0
zero.0c
zero.0o
zero.cap
zero.dnom
zero.numr
zero.onum
zero.subs
zero.sups
2017-11-05 20:19:19,134 MutatorMath Writing font.ufo to ../Italic/BoldIt/font.ufo
2017-11-05 20:19:21,014 MutatorMath Validating kerning font.ufo
2017-11-05 20:19:22,488 MutatorMath ../Italic/BoldIt/font.ufo:
Missing unicodes for 294 glyphs: 
.notdef
Eng.a
Gtilde
IJacute
Lcat
Scarondot
a.a
a.supa
a.sups
aacute.a
abreve.a
abreveacute.a
abrevedotbelow.a
abrevegrave.a
abrevehoi.a
abrevetilde.a
acaron.a
acircumflex.a
acircumflexacute.a
acircumflexdotbelow.a
acircumflexgrave.a
acircumflexhoi.a
acircumflextilde.a
acutecmb.cap
adieresis.a
adotbelow.a
agrave.a
ahoi.a
amacron.a
ampersand_ampersand
aogonek.a
aring.a
aringacute.a
asperacutecmb
aspercmb
aspergravecmb
aspertildecmb
asterisk.a
asterisk_asterisk_asterisk
asterisk_greater
at.case
atilde.a
b.sups
backslash_backslash
bar_greater
bottom
breveacutecmb
breveacutecmb.cap
brevecmb.cap
brevecmb.cyr
brevecmb.cyrcap
brevegravecmb
brevegravecmb.cap
brevehoicmb
brevehoicmb.cap
breveinvertedcmb.cap
brevetildecmb
brevetildecmb.cap
c.sups
candrabinducmb.cap
caron.a
caroncmb.cap
carondotaccentcmb
carondotaccentcmb.cap
cedillacmb.cap
circumflexacutecmb
circumflexacutecmb.cap
circumflexbrevecmb
circumflexbrevecmb.cap
circumflexcmb.cap
circumflexgravecmb
circumflexgravecmb.cap
circumflexhoicmb
circumflexhoicmb.cap
circumflextildecmb
circumflextildecmb.cap
colon.sups
colon_colon
colon_equal
colon_greater
comma.dnom
comma.numr
comma.subs
comma.sups
commabelowcmb.a
d.sups
dblgravecmb.cap
dialytikagravecmb
dieresisacutecmb
dieresisacutecmb.cap
dieresiscaroncmb
dieresiscaroncmb.cap
dieresiscmb.cap
dieresisgravecmb
dieresisgravecmb.cap
dieresismacroncmb
dieresismacroncmb.cap
dieresistildecmb
dieresistonoscmb
dollar.a
dotaccentcmb.cap
double_left_parens
double_right_parens
e.sups
eacute.sups
egrave.sups
eight.cap
eight.dnom
eight.numr
eight.onum
eight.subs
eight.sups
emdash.sups
endash.sups
eogonek.sups
equal_equal
equal_equal_equal
equal_equal_greater
equal_less_less
exclam_equals
exclam_exclam
f.sups
fi
five.cap
five.dnom
five.numr
five.onum
five.subs
five.sups
fl
four.cap
four.dnom
four.numr
four.onum
four.subs
four.sups
g.a
g.supa
g.sups
gacute.a
gbreve.a
gcaron.a
gcircumflex.a
gcommaaccent.a
gdotaccent.a
gmacron.a
gravecmb.cap
greater_colon
greater_greater
greater_greater_equal
greater_greater_greater
greater_greater_hyphen
greater_hyphen
gtilde
gtilde.a
h.sups
hhook.sups
hoicmb.cap
hungarumlautcmb.cap
hyphen.a
hyphen.sups
hyphen_hyphen_greater
hyphen_less
hyphen_less_less
hyphentwo.a
i.sups
ijacute
iogonek.d
istroke.d
j.sups
jcrossedtail.d
k.sups
l.sups
lcat
lenisacutecmb
leniscmb
lenisgravecmb
lenistildecmb
less_asterisk
less_asterisk_greater
less_bar
less_bar_greater
less_colon
less_dollar_greater
less_exclam_greater
less_greater
less_less
less_less_less
less_plus_greater
lock
m.sups
macronacutecmb
macronacutecmb.cap
macroncmb.cap
n.sups
nbspace.frac
nine.cap
nine.dnom
nine.numr
nine.onum
nine.subs
nine.sups
not_equal_equal
o.sups
ogonekcmb.cap
one.cap
one.dnom
one.numr
one.onum
one.subs
one.sups
ordfeminine.a
overlinecmb.cap
p.sups
parenleft.dnom
parenleft.numr
parenleft.subs
parenleft.sups
parenright.dnom
parenright.numr
parenright.subs
parenright.sups
period.dnom
period.numr
period.subs
period.sups
period_period
period_period_period
perispomenicmb.cap
plus_plus
plus_plus_plus
poopile
q.sups
r.sups
ringcmb.cap
robotface
s.sups
scarondot
schwa.sups
seven.cap
seven.dnom
seven.numr
seven.onum
seven.subs
seven.sups
sfthyphen.a
six.cap
six.dnom
six.numr
six.onum
six.subs
six.sups
slash.frac
slash_equal
slash_slash
space.frac
t.sups
three.cap
three.dnom
three.numr
three.onum
three.subs
three.sups
tildecmb.cap
tonoscmb
triple_equal
two.cap
two.dnom
two.numr
two.onum
two.subs
two.sups
u.sups
uniE0A0
uniE0A1
uniE0B0
uniE0B1
uniE0B2
uniE0B3
v.sups
variacmb
w.sups
x.sups
y.sups
z.sups
zero.0
zero.0c
zero.0o
zero.cap
zero.dnom
zero.numr
zero.onum
zero.subs
zero.sups
2017-11-05 20:19:22,593 MutatorMath Writing font.ufo to ../Italic/BlackIt/font.ufo
2017-11-05 20:19:24,472 MutatorMath Validating kerning font.ufo
2017-11-05 20:19:25,959 MutatorMath ../Italic/BlackIt/font.ufo:
Missing unicodes for 294 glyphs: 
.notdef
Eng.a
Gtilde
IJacute
Lcat
Scarondot
a.a
a.supa
a.sups
aacute.a
abreve.a
abreveacute.a
abrevedotbelow.a
abrevegrave.a
abrevehoi.a
abrevetilde.a
acaron.a
acircumflex.a
acircumflexacute.a
acircumflexdotbelow.a
acircumflexgrave.a
acircumflexhoi.a
acircumflextilde.a
acutecmb.cap
adieresis.a
adotbelow.a
agrave.a
ahoi.a
amacron.a
ampersand_ampersand
aogonek.a
aring.a
aringacute.a
asperacutecmb
aspercmb
aspergravecmb
aspertildecmb
asterisk.a
asterisk_asterisk_asterisk
asterisk_greater
at.case
atilde.a
b.sups
backslash_backslash
bar_greater
bottom
breveacutecmb
breveacutecmb.cap
brevecmb.cap
brevecmb.cyr
brevecmb.cyrcap
brevegravecmb
brevegravecmb.cap
brevehoicmb
brevehoicmb.cap
breveinvertedcmb.cap
brevetildecmb
brevetildecmb.cap
c.sups
candrabinducmb.cap
caron.a
caroncmb.cap
carondotaccentcmb
carondotaccentcmb.cap
cedillacmb.cap
circumflexacutecmb
circumflexacutecmb.cap
circumflexbrevecmb
circumflexbrevecmb.cap
circumflexcmb.cap
circumflexgravecmb
circumflexgravecmb.cap
circumflexhoicmb
circumflexhoicmb.cap
circumflextildecmb
circumflextildecmb.cap
colon.sups
colon_colon
colon_equal
colon_greater
comma.dnom
comma.numr
comma.subs
comma.sups
commabelowcmb.a
d.sups
dblgravecmb.cap
dialytikagravecmb
dieresisacutecmb
dieresisacutecmb.cap
dieresiscaroncmb
dieresiscaroncmb.cap
dieresiscmb.cap
dieresisgravecmb
dieresisgravecmb.cap
dieresismacroncmb
dieresismacroncmb.cap
dieresistildecmb
dieresistonoscmb
dollar.a
dotaccentcmb.cap
double_left_parens
double_right_parens
e.sups
eacute.sups
egrave.sups
eight.cap
eight.dnom
eight.numr
eight.onum
eight.subs
eight.sups
emdash.sups
endash.sups
eogonek.sups
equal_equal
equal_equal_equal
equal_equal_greater
equal_less_less
exclam_equals
exclam_exclam
f.sups
fi
five.cap
five.dnom
five.numr
five.onum
five.subs
five.sups
fl
four.cap
four.dnom
four.numr
four.onum
four.subs
four.sups
g.a
g.supa
g.sups
gacute.a
gbreve.a
gcaron.a
gcircumflex.a
gcommaaccent.a
gdotaccent.a
gmacron.a
gravecmb.cap
greater_colon
greater_greater
greater_greater_equal
greater_greater_greater
greater_greater_hyphen
greater_hyphen
gtilde
gtilde.a
h.sups
hhook.sups
hoicmb.cap
hungarumlautcmb.cap
hyphen.a
hyphen.sups
hyphen_hyphen_greater
hyphen_less
hyphen_less_less
hyphentwo.a
i.sups
ijacute
iogonek.d
istroke.d
j.sups
jcrossedtail.d
k.sups
l.sups
lcat
lenisacutecmb
leniscmb
lenisgravecmb
lenistildecmb
less_asterisk
less_asterisk_greater
less_bar
less_bar_greater
less_colon
less_dollar_greater
less_exclam_greater
less_greater
less_less
less_less_less
less_plus_greater
lock
m.sups
macronacutecmb
macronacutecmb.cap
macroncmb.cap
n.sups
nbspace.frac
nine.cap
nine.dnom
nine.numr
nine.onum
nine.subs
nine.sups
not_equal_equal
o.sups
ogonekcmb.cap
one.cap
one.dnom
one.numr
one.onum
one.subs
one.sups
ordfeminine.a
overlinecmb.cap
p.sups
parenleft.dnom
parenleft.numr
parenleft.subs
parenleft.sups
parenright.dnom
parenright.numr
parenright.subs
parenright.sups
period.dnom
period.numr
period.subs
period.sups
period_period
period_period_period
perispomenicmb.cap
plus_plus
plus_plus_plus
poopile
q.sups
r.sups
ringcmb.cap
robotface
s.sups
scarondot
schwa.sups
seven.cap
seven.dnom
seven.numr
seven.onum
seven.subs
seven.sups
sfthyphen.a
six.cap
six.dnom
six.numr
six.onum
six.subs
six.sups
slash.frac
slash_equal
slash_slash
space.frac
t.sups
three.cap
three.dnom
three.numr
three.onum
three.subs
three.sups
tildecmb.cap
tonoscmb
triple_equal
two.cap
two.dnom
two.numr
two.onum
two.subs
two.sups
u.sups
uniE0A0
uniE0A1
uniE0B0
uniE0B1
uniE0B2
uniE0B3
v.sups
variacmb
w.sups
x.sups
y.sups
z.sups
zero.0
zero.0c
zero.0o
zero.cap
zero.dnom
zero.numr
zero.onum
zero.subs
zero.sups
2017-11-05 20:19:26,070 MutatorMath Done
